<?xml version='1.0' encoding='UTF-8'?>
<testsuite hostname="gianluca-xps159500" name="u03.NaturalLambdaTest" tests="3" errors="0" failures="0" skipped="0" time="0.011" timestamp="2023-03-17T11:11:54">
          <properties>
[...]
</properties>
          <testcase classname="u03.NaturalLambdaTest" name="testSuccPred" time="0.009">
                      
                    </testcase><testcase classname="u03.NaturalLambdaTest" name="testPlus" time="0.002">
                      
                    </testcase><testcase classname="u03.NaturalLambdaTest" name="testZero" time="0.0">
                      
                    </testcase>
          <system-out><![CDATA[]]></system-out>
          <system-err><![CDATA[]]></system-err>
        </testsuite>